<?xml version="1.0" encoding="UTF-8"?>
<!-- Generated by org.testng.reporters.JUnitReportReporter -->
<testsuite skipped="0" hostname="DESKTOP-R4R4OC7" name="tests.Demotest" tests="1" failures="0" timestamp="2021-02-04T20:28:44 CET" time="8.807" errors="0">
  <testcase name="demotest" time="8.807" classname="tests.Demotest"/>
  <system-out/>
</testsuite> <!-- tests.Demotest -->
